#
# A fatal error has been detected by the Java Runtime Environment:
#
#  Internal Error (os_windows_x86.cpp:144), pid=19448, tid=0x0000000000002d58
#  guarantee(result == EXCEPTION_CONTINUE_EXECUTION) failed: Unexpected result from topLevelExceptionFilter
#
# JRE version: Java(TM) SE Runtime Environment (8.0_401) (build 1.8.0_401-b10)
# Java VM: Java HotSpot(TM) 64-Bit Server VM (25.401-b10 mixed mode windows-amd64 compressed oops)
# Failed to write core dump. Minidumps are not enabled by default on client versions of Windows
#
# If you would like to submit a bug report, please visit:
#   http://bugreport.java.com/bugreport/crash.jsp
# The crash happened outside the Java Virtual Machine in native code.
# See problematic frame for where to report the bug.
#

---------------  T H R E A D  ---------------

Current thread (0x000001e1c11d9000):  JavaThread "Python Reference Queue" daemon [_thread_in_native, id=11608, stack(0x0000007232960000,0x0000007232b50000)]

Stack: [0x0000007232960000,0x0000007232b50000]
Native frames: (J=compiled Java code, j=interpreted, Vv=VM code, C=native code)
C  0x00007ffb1bcc30d9
C  0x00007ffb1bc00072
C  0x00007ffb1bc00c3d
C  0x00007ffb1bbf51f7
C  0x00007ffb1bcc2d5c
C  [ntdll.dll+0xa23af]
C  [ntdll.dll+0x514b4]
C  [ntdll.dll+0xa0ebe]
C  0x00007ffb8ae48b9d
C  0x00007ffb8ae48bd2
C  0x00007ffb8ad72de4
C  0x00007ffb8ad754f3
C  0x00007ffbd7944653
C  [python312.dll+0x178a5b]
C  [python312.dll+0x1378cd]
C  [python312.dll+0x2cc3bb]
C  [python312.dll+0x2cc3a0]
C  [python312.dll+0x2cc3a0]
C  [python312.dll+0x12a107]
C  [python312.dll+0x84250]
C  [python312.dll+0x848b5]
C  [python312.dll+0x85887]
C  0x00007ffbc2a09574
C  0x000001e1c23da02e

Java frames: (J=compiled Java code, j=interpreted, Vv=VM code)
j  org.jpype.ref.JPypeReferenceNative.wake()V+0
j  org.jpype.ref.JPypeReferenceQueue$Worker.run()V+42
j  java.lang.Thread.run()V+11
v  ~StubRoutines::call_stub

---------------  P R O C E S S  ---------------

Java Threads: ( => current thread )
  0x000001e1c11da000 JavaThread "Java2D Disposer" daemon [_thread_blocked, id=1204, stack(0x0000007232b50000,0x0000007232d40000)]
=>0x000001e1c11d9000 JavaThread "Python Reference Queue" daemon [_thread_in_native, id=11608, stack(0x0000007232960000,0x0000007232b50000)]
  0x000001e1c11d8800 JavaThread "Service Thread" daemon [_thread_blocked, id=30420, stack(0x0000007232580000,0x0000007232770000)]
  0x000001e1c1135800 JavaThread "C1 CompilerThread3" daemon [_thread_blocked, id=23392, stack(0x0000007232390000,0x0000007232580000)]
  0x000001e1c1133000 JavaThread "C2 CompilerThread2" daemon [_thread_blocked, id=28560, stack(0x00000072321a0000,0x0000007232390000)]
  0x000001e1c1132000 JavaThread "C2 CompilerThread1" daemon [_thread_blocked, id=19092, stack(0x0000007231fb0000,0x00000072321a0000)]
  0x000001e1c1131800 JavaThread "C2 CompilerThread0" daemon [_thread_blocked, id=30384, stack(0x0000007231dc0000,0x0000007231fb0000)]
  0x000001e1bdf87000 JavaThread "Attach Listener" daemon [_thread_blocked, id=16756, stack(0x0000007231bd0000,0x0000007231dc0000)]
  0x000001e1bdf8b800 JavaThread "Signal Dispatcher" daemon [_thread_blocked, id=19716, stack(0x00000072319e0000,0x0000007231bd0000)]
  0x000001e1bdf8a800 JavaThread "Finalizer" daemon [_thread_blocked, id=22348, stack(0x00000072317f0000,0x00000072319e0000)]
  0x000001e1bdf8a000 JavaThread "Reference Handler" daemon [_thread_blocked, id=5044, stack(0x0000007231600000,0x00000072317f0000)]
  0x000001e1bdf86000 JavaThread "main" [_thread_in_native, id=26860, stack(0x000000722c800000,0x000000722c9f0000)]

Other Threads:
  0x000001e1bc5ce800 VMThread [stack: 0x0000007231410000,0x0000007231600000] [id=16372]
  0x000001e1c11f2800 WatcherThread [stack: 0x0000007232770000,0x0000007232960000] [id=10356]

VM state:not at safepoint (normal execution)

VM Mutex/Monitor currently owned by a thread: None

heap address: 0x00000006c4c00000, size: 4020 MB, Compressed Oops mode: Zero based, Oop shift amount: 3
Narrow klass base: 0x0000000000000000, Narrow klass shift: 3
Compressed class space size: 1073741824 Address: 0x00000007c0000000

Heap:
 PSYoungGen      total 107520K, used 74754K [0x000000076c400000, 0x0000000775600000, 0x00000007c0000000)
  eden space 84992K, 70% used [0x000000076c400000,0x000000076fe81088,0x0000000771700000)
  from space 22528K, 65% used [0x0000000771700000,0x000000077257f7f0,0x0000000772d00000)
  to   space 23552K, 0% used [0x0000000773f00000,0x0000000773f00000,0x0000000775600000)
 ParOldGen       total 172032K, used 63989K [0x00000006c4c00000, 0x00000006cf400000, 0x000000076c400000)
  object space 172032K, 37% used [0x00000006c4c00000,0x00000006c8a7d6a8,0x00000006cf400000)
 Metaspace       used 13988K, capacity 14270K, committed 14336K, reserved 1062912K
  class space    used 1404K, capacity 1533K, committed 1536K, reserved 1048576K

Card table byte_map: [0x000001e1d1780000,0x000001e1d1f60000] byte_map_base: 0x000001e1ce15a000

Marking Bits: (ParMarkBitMap*) 0x00007ffb1c1a5fc0
 Begin Bits: [0x000001e1d24a0000, 0x000001e1d6370000)
 End Bits:   [0x000001e1d6370000, 0x000001e1da240000)

Polling page: 0x000001e1c2390000

CodeCache: size=245760Kb used=11301Kb max_used=11486Kb free=234458Kb
 bounds [0x000001e1c23c0000, 0x000001e1c2f50000, 0x000001e1d13c0000]
 total_blobs=3593 nmethods=3081 adapters=423
 compilation: enabled

Compilation events (10 events):
Event: 2053.378 Thread 0x000001e1c1132000 nmethod 4070 0x000001e1c2ad0010 code [0x000001e1c2ad0180, 0x000001e1c2ad0758]
Event: 2053.379 Thread 0x000001e1c1133000 nmethod 4064 0x000001e1c291fa90 code [0x000001e1c291fc60, 0x000001e1c29209f0]
Event: 2158.509 Thread 0x000001e1c1133000 4071       4       java.util.regex.Pattern::atom (379 bytes)
Event: 2158.509 Thread 0x000001e1c1132000 4072       4       java.util.regex.Pattern::escape (1151 bytes)
Event: 2158.513 Thread 0x000001e1c1133000 nmethod 4071 0x000001e1c2bd9410 code [0x000001e1c2bd9800, 0x000001e1c2bd9f08]
Event: 2158.514 Thread 0x000001e1c1132000 nmethod 4072 0x000001e1c2dc2890 code [0x000001e1c2dc2e60, 0x000001e1c2dc3980]
Event: 2158.520 Thread 0x000001e1c1131800 4073       4       java.util.Arrays::binarySearch0 (95 bytes)
Event: 2158.520 Thread 0x000001e1c1135800 4074       3       java.util.Locale::getDefault (4 bytes)
Event: 2158.521 Thread 0x000001e1c1135800 nmethod 4074 0x000001e1c24dc390 code [0x000001e1c24dc4e0, 0x000001e1c24dc638]
Event: 2158.521 Thread 0x000001e1c1131800 nmethod 4073 0x000001e1c2b716d0 code [0x000001e1c2b71820, 0x000001e1c2b719d8]

GC Heap History (10 events):
Event: 2053.123 GC heap before
{Heap before GC invocations=116 (full 16):
 PSYoungGen      total 83456K, used 79400K [0x000000076c400000, 0x0000000772d80000, 0x00000007c0000000)
  eden space 72704K, 100% used [0x000000076c400000,0x0000000770b00000,0x0000000770b00000)
  from space 10752K, 62% used [0x0000000770b00000,0x000000077118a138,0x0000000771580000)
  to   space 10240K, 0% used [0x0000000772380000,0x0000000772380000,0x0000000772d80000)
 ParOldGen       total 172032K, used 117230K [0x00000006c4c00000, 0x00000006cf400000, 0x000000076c400000)
  object space 172032K, 68% used [0x00000006c4c00000,0x00000006cbe7b990,0x00000006cf400000)
 Metaspace       used 13987K, capacity 14270K, committed 14336K, reserved 1062912K
  class space    used 1404K, capacity 1533K, committed 1536K, reserved 1048576K
Event: 2053.125 GC heap after
Heap after GC invocations=116 (full 16):
 PSYoungGen      total 79872K, used 8553K [0x000000076c400000, 0x0000000772c00000, 0x00000007c0000000)
  eden space 71168K, 0% used [0x000000076c400000,0x000000076c400000,0x0000000770980000)
  from space 8704K, 98% used [0x0000000772380000,0x0000000772bda6c0,0x0000000772c00000)
  to   space 10752K, 0% used [0x0000000771700000,0x0000000771700000,0x0000000772180000)
 ParOldGen       total 172032K, used 117894K [0x00000006c4c00000, 0x00000006cf400000, 0x000000076c400000)
  object space 172032K, 68% used [0x00000006c4c00000,0x00000006cbf21968,0x00000006cf400000)
 Metaspace       used 13987K, capacity 14270K, committed 14336K, reserved 1062912K
  class space    used 1404K, capacity 1533K, committed 1536K, reserved 1048576K
}
Event: 2053.253 GC heap before
{Heap before GC invocations=117 (full 16):
 PSYoungGen      total 79872K, used 36819K [0x000000076c400000, 0x0000000772c00000, 0x00000007c0000000)
  eden space 71168K, 39% used [0x000000076c400000,0x000000076df9a7e0,0x0000000770980000)
  from space 8704K, 98% used [0x0000000772380000,0x0000000772bda6c0,0x0000000772c00000)
  to   space 10752K, 0% used [0x0000000771700000,0x0000000771700000,0x0000000772180000)
 ParOldGen       total 172032K, used 117894K [0x00000006c4c00000, 0x00000006cf400000, 0x000000076c400000)
  object space 172032K, 68% used [0x00000006c4c00000,0x00000006cbf21968,0x00000006cf400000)
 Metaspace       used 13987K, capacity 14270K, committed 14336K, reserved 1062912K
  class space    used 1404K, capacity 1533K, committed 1536K, reserved 1048576K
Event: 2053.258 GC heap after
Heap after GC invocations=117 (full 16):
 PSYoungGen      total 95744K, used 10741K [0x000000076c400000, 0x0000000774280000, 0x00000007c0000000)
  eden space 84992K, 0% used [0x000000076c400000,0x000000076c400000,0x0000000771700000)
  from space 10752K, 99% used [0x0000000771700000,0x000000077217d668,0x0000000772180000)
  to   space 22016K, 0% used [0x0000000772d00000,0x0000000772d00000,0x0000000774280000)
 ParOldGen       total 172032K, used 145737K [0x00000006c4c00000, 0x00000006cf400000, 0x000000076c400000)
  object space 172032K, 84% used [0x00000006c4c00000,0x00000006cda525f8,0x00000006cf400000)
 Metaspace       used 13987K, capacity 14270K, committed 14336K, reserved 1062912K
  class space    used 1404K, capacity 1533K, committed 1536K, reserved 1048576K
}
Event: 2053.324 GC heap before
{Heap before GC invocations=118 (full 16):
 PSYoungGen      total 95744K, used 61669K [0x000000076c400000, 0x0000000774280000, 0x00000007c0000000)
  eden space 84992K, 59% used [0x000000076c400000,0x000000076f5bc188,0x0000000771700000)
  from space 10752K, 99% used [0x0000000771700000,0x000000077217d668,0x0000000772180000)
  to   space 22016K, 0% used [0x0000000772d00000,0x0000000772d00000,0x0000000774280000)
 ParOldGen       total 172032K, used 145737K [0x00000006c4c00000, 0x00000006cf400000, 0x000000076c400000)
  object space 172032K, 84% used [0x00000006c4c00000,0x00000006cda525f8,0x00000006cf400000)
 Metaspace       used 13987K, capacity 14270K, committed 14336K, reserved 1062912K
  class space    used 1404K, capacity 1533K, committed 1536K, reserved 1048576K
Event: 2053.326 GC heap after
Heap after GC invocations=118 (full 16):
 PSYoungGen      total 107008K, used 192K [0x000000076c400000, 0x0000000774380000, 0x00000007c0000000)
  eden space 84992K, 0% used [0x000000076c400000,0x000000076c400000,0x0000000771700000)
  from space 22016K, 0% used [0x0000000772d00000,0x0000000772d30000,0x0000000774280000)
  to   space 22528K, 0% used [0x0000000771700000,0x0000000771700000,0x0000000772d00000)
 ParOldGen       total 172032K, used 146421K [0x00000006c4c00000, 0x00000006cf400000, 0x000000076c400000)
  object space 172032K, 85% used [0x00000006c4c00000,0x00000006cdafd5c0,0x00000006cf400000)
 Metaspace       used 13987K, capacity 14270K, committed 14336K, reserved 1062912K
  class space    used 1404K, capacity 1533K, committed 1536K, reserved 1048576K
}
Event: 2053.326 GC heap before
{Heap before GC invocations=119 (full 17):
 PSYoungGen      total 107008K, used 192K [0x000000076c400000, 0x0000000774380000, 0x00000007c0000000)
  eden space 84992K, 0% used [0x000000076c400000,0x000000076c400000,0x0000000771700000)
  from space 22016K, 0% used [0x0000000772d00000,0x0000000772d30000,0x0000000774280000)
  to   space 22528K, 0% used [0x0000000771700000,0x0000000771700000,0x0000000772d00000)
 ParOldGen       total 172032K, used 146421K [0x00000006c4c00000, 0x00000006cf400000, 0x000000076c400000)
  object space 172032K, 85% used [0x00000006c4c00000,0x00000006cdafd5c0,0x00000006cf400000)
 Metaspace       used 13987K, capacity 14270K, committed 14336K, reserved 1062912K
  class space    used 1404K, capacity 1533K, committed 1536K, reserved 1048576K
Event: 2053.372 GC heap after
Heap after GC invocations=119 (full 17):
 PSYoungGen      total 107008K, used 0K [0x000000076c400000, 0x0000000774380000, 0x00000007c0000000)
  eden space 84992K, 0% used [0x000000076c400000,0x000000076c400000,0x0000000771700000)
  from space 22016K, 0% used [0x0000000772d00000,0x0000000772d00000,0x0000000774280000)
  to   space 22528K, 0% used [0x0000000771700000,0x0000000771700000,0x0000000772d00000)
 ParOldGen       total 172032K, used 63989K [0x00000006c4c00000, 0x00000006cf400000, 0x000000076c400000)
  object space 172032K, 37% used [0x00000006c4c00000,0x00000006c8a7d6a8,0x00000006cf400000)
 Metaspace       used 13987K, capacity 14270K, committed 14336K, reserved 1062912K
  class space    used 1404K, capacity 1533K, committed 1536K, reserved 1048576K
}
Event: 2158.657 GC heap before
{Heap before GC invocations=120 (full 17):
 PSYoungGen      total 107008K, used 83069K [0x000000076c400000, 0x0000000774380000, 0x00000007c0000000)
  eden space 84992K, 97% used [0x000000076c400000,0x000000077151f458,0x0000000771700000)
  from space 22016K, 0% used [0x0000000772d00000,0x0000000772d00000,0x0000000774280000)
  to   space 22528K, 0% used [0x0000000771700000,0x0000000771700000,0x0000000772d00000)
 ParOldGen       total 172032K, used 63989K [0x00000006c4c00000, 0x00000006cf400000, 0x000000076c400000)
  object space 172032K, 37% used [0x00000006c4c00000,0x00000006c8a7d6a8,0x00000006cf400000)
 Metaspace       used 13988K, capacity 14270K, committed 14336K, reserved 1062912K
  class space    used 1404K, capacity 1533K, committed 1536K, reserved 1048576K
Event: 2158.659 GC heap after
Heap after GC invocations=120 (full 17):
 PSYoungGen      total 107520K, used 14845K [0x000000076c400000, 0x0000000775600000, 0x00000007c0000000)
  eden space 84992K, 0% used [0x000000076c400000,0x000000076c400000,0x0000000771700000)
  from space 22528K, 65% used [0x0000000771700000,0x000000077257f7f0,0x0000000772d00000)
  to   space 23552K, 0% used [0x0000000773f00000,0x0000000773f00000,0x0000000775600000)
 ParOldGen       total 172032K, used 63989K [0x00000006c4c00000, 0x00000006cf400000, 0x000000076c400000)
  object space 172032K, 37% used [0x00000006c4c00000,0x00000006c8a7d6a8,0x00000006cf400000)
 Metaspace       used 13988K, capacity 14270K, committed 14336K, reserved 1062912K
  class space    used 1404K, capacity 1533K, committed 1536K, reserved 1048576K
}

Deoptimization events (10 events):
Event: 383.473 Thread 0x000001e1bdf86000 Uncommon trap: reason=array_check action=maybe_recompile pc=0x000001e1c2928684 method=java.util.TimSort.reverseRange([Ljava/lang/Object;II)V @ 27
Event: 471.205 Thread 0x000001e1bdf86000 Uncommon trap: reason=class_check action=maybe_recompile pc=0x000001e1c285d988 method=java.lang.reflect.Array.newInstance(Ljava/lang/Class;I)Ljava/lang/Object; @ 2
Event: 471.205 Thread 0x000001e1bdf86000 Uncommon trap: reason=class_check action=maybe_recompile pc=0x000001e1c285d988 method=java.lang.reflect.Array.newInstance(Ljava/lang/Class;I)Ljava/lang/Object; @ 2
Event: 471.205 Thread 0x000001e1bdf86000 Uncommon trap: reason=class_check action=maybe_recompile pc=0x000001e1c285d988 method=java.lang.reflect.Array.newInstance(Ljava/lang/Class;I)Ljava/lang/Object; @ 2
Event: 471.205 Thread 0x000001e1bdf86000 Uncommon trap: reason=class_check action=maybe_recompile pc=0x000001e1c285d988 method=java.lang.reflect.Array.newInstance(Ljava/lang/Class;I)Ljava/lang/Object; @ 2
Event: 481.835 Thread 0x000001e1bdf86000 Uncommon trap: reason=array_check action=maybe_recompile pc=0x000001e1c2a69b50 method=java.util.AbstractCollection.toArray([Ljava/lang/Object;)[Ljava/lang/Object; @ 119
Event: 481.835 Thread 0x000001e1bdf86000 Uncommon trap: reason=array_check action=maybe_recompile pc=0x000001e1c2a69b50 method=java.util.AbstractCollection.toArray([Ljava/lang/Object;)[Ljava/lang/Object; @ 119
Event: 481.835 Thread 0x000001e1bdf86000 Uncommon trap: reason=array_check action=maybe_recompile pc=0x000001e1c2a69b50 method=java.util.AbstractCollection.toArray([Ljava/lang/Object;)[Ljava/lang/Object; @ 119
Event: 481.835 Thread 0x000001e1bdf86000 Uncommon trap: reason=array_check action=maybe_recompile pc=0x000001e1c2a69b50 method=java.util.AbstractCollection.toArray([Ljava/lang/Object;)[Ljava/lang/Object; @ 119
Event: 505.617 Thread 0x000001e1bdf86000 Uncommon trap: reason=unstable_if action=reinterpret pc=0x000001e1c284cf80 method=org.apache.pdfbox.rendering.PageDrawer.setClip()V @ 58

Classes redefined (0 events):
No events

Internal exceptions (10 events):
Event: 0.206 Thread 0x000001e1bdf86000 Exception <a 'java/security/PrivilegedActionException'> (0x000000076c65b628) thrown at [C:\jenkins\workspace\8-2-build-windows-x64-cygwin-sans-NAS\jdk8u401\683\hotspot\src\share\vm\prims\jvm.cpp, line 1513]
Event: 0.206 Thread 0x000001e1bdf86000 Exception <a 'java/security/PrivilegedActionException'> (0x000000076c65b838) thrown at [C:\jenkins\workspace\8-2-build-windows-x64-cygwin-sans-NAS\jdk8u401\683\hotspot\src\share\vm\prims\jvm.cpp, line 1513]
Event: 0.238 Thread 0x000001e1bdf86000 Implicit null exception at 0x000001e1c25c2c96 to 0x000001e1c25c2d99
Event: 0.240 Thread 0x000001e1bdf86000 Implicit null exception at 0x000001e1c25bf314 to 0x000001e1c25bf359
Event: 0.248 Thread 0x000001e1bdf86000 Implicit null exception at 0x000001e1c25c250f to 0x000001e1c25c2619
Event: 0.473 Thread 0x000001e1bdf86000 Exception <a 'java/lang/NoClassDefFoundError': org/apache/log4j/Priority> (0x000000076c762940) thrown at [C:\jenkins\workspace\8-2-build-windows-x64-cygwin-sans-NAS\jdk8u401\683\hotspot\src\share\vm\classfile\systemDictionary.cpp, line 202]
Event: 0.481 Thread 0x000001e1bdf86000 Exception <a 'java/io/FileNotFoundException'> (0x000000076c77cde8) thrown at [C:\jenkins\workspace\8-2-build-windows-x64-cygwin-sans-NAS\jdk8u401\683\hotspot\src\share\vm\prims\jni.cpp, line 710]
Event: 0.987 Thread 0x000001e1bdf86000 Exception <a 'java/io/FileNotFoundException'> (0x000000076e8d98c0) thrown at [C:\jenkins\workspace\8-2-build-windows-x64-cygwin-sans-NAS\jdk8u401\683\hotspot\src\share\vm\prims\jni.cpp, line 710]
Event: 1.598 Thread 0x000001e1bdf86000 Implicit null exception at 0x000001e1c25dbad6 to 0x000001e1c25dbe89
Event: 1.598 Thread 0x000001e1bdf86000 Implicit null exception at 0x000001e1c29b770c to 0x000001e1c29b7751

Events (10 events):
Event: 2053.375 Thread 0x000001e1c1135800 flushing nmethod 0x000001e1c2d0f610
Event: 2053.376 Thread 0x000001e1c1135800 flushing nmethod 0x000001e1c2d35910
Event: 2053.376 Thread 0x000001e1c1135800 flushing nmethod 0x000001e1c2d37b50
Event: 2053.376 Thread 0x000001e1c1135800 flushing nmethod 0x000001e1c2eab7d0
Event: 2158.513 Thread 0x000001e1c1133000 flushing nmethod 0x000001e1c24dc210
Event: 2158.521 Thread 0x000001e1c1135800 flushing nmethod 0x000001e1c25d49d0
Event: 2158.657 Executing VM operation: ParallelGCFailedAllocation
Event: 2158.659 Executing VM operation: ParallelGCFailedAllocation done
Event: 2158.660 Executing VM operation: RevokeBias
Event: 2158.660 Executing VM operation: RevokeBias done


Dynamic libraries:
0x00007ff783c00000 - 0x00007ff783c1b000 	C:\Users\Jason Cruz\.conda\envs\gdp_revisions\python.exe
0x00007ffbe6730000 - 0x00007ffbe6928000 	C:\WINDOWS\SYSTEM32\ntdll.dll
0x00007ffbe65f0000 - 0x00007ffbe66ad000 	C:\WINDOWS\System32\KERNEL32.DLL
0x00007ffbe4050000 - 0x00007ffbe4346000 	C:\WINDOWS\System32\KERNELBASE.dll
0x00007ffbe3e10000 - 0x00007ffbe3f10000 	C:\WINDOWS\System32\ucrtbase.dll
0x00007ffbdcae0000 - 0x00007ffbdcaf9000 	C:\Users\Jason Cruz\.conda\envs\gdp_revisions\VCRUNTIME140.dll
0x00007ffb33450000 - 0x00007ffb33b50000 	C:\Users\Jason Cruz\.conda\envs\gdp_revisions\python312.dll
0x00007ffbe5ce0000 - 0x00007ffbe5d4b000 	C:\WINDOWS\System32\WS2_32.dll
0x00007ffbe5fd0000 - 0x00007ffbe60f5000 	C:\WINDOWS\System32\RPCRT4.dll
0x00007ffbe3de0000 - 0x00007ffbe3e07000 	C:\WINDOWS\System32\bcrypt.dll
0x00007ffbe2b40000 - 0x00007ffbe2b4a000 	C:\WINDOWS\SYSTEM32\VERSION.dll
0x00007ffbe6550000 - 0x00007ffbe65ee000 	C:\WINDOWS\System32\msvcrt.dll
0x00007ffbe54c0000 - 0x00007ffbe5570000 	C:\WINDOWS\System32\ADVAPI32.dll
0x00007ffbe4990000 - 0x00007ffbe4a30000 	C:\WINDOWS\System32\sechost.dll
0x00007ffbd78a0000 - 0x00007ffbd78ba000 	C:\Users\Jason Cruz\.conda\envs\gdp_revisions\zlib.dll
0x00007ffbe3f10000 - 0x00007ffbe3f92000 	C:\WINDOWS\System32\bcryptprimitives.dll
0x000001e1b8ff0000 - 0x000001e1b8fff000 	C:\Users\Jason Cruz\.conda\envs\gdp_revisions\python3.DLL
0x00007ffbdcab0000 - 0x00007ffbdcaba000 	C:\Users\Jason Cruz\.conda\envs\gdp_revisions\DLLs\_wmi.pyd
0x00007ffbe5de0000 - 0x00007ffbe5ead000 	C:\WINDOWS\System32\OLEAUT32.dll
0x00007ffbe4690000 - 0x00007ffbe472d000 	C:\WINDOWS\System32\msvcp_win.dll
0x00007ffbe4aa0000 - 0x00007ffbe4df3000 	C:\WINDOWS\System32\combase.dll
0x00007ffbdc610000 - 0x00007ffbdc706000 	C:\WINDOWS\SYSTEM32\PROPSYS.dll
0x00007ffbdb620000 - 0x00007ffbdb631400 	C:\Users\Jason Cruz\.conda\envs\gdp_revisions\Lib\site-packages\zmq\backend\cython\_device.cp312-win_amd64.pyd
0x00007ffbd2f40000 - 0x00007ffbd2fc5400 	C:\Users\Jason Cruz\.conda\envs\gdp_revisions\Lib\site-packages\pyzmq.libs\libzmq-v141-mt-4_3_4-0a6f51ca.dll
0x00007ffbd2ea0000 - 0x00007ffbd2f31000 	C:\Users\Jason Cruz\.conda\envs\gdp_revisions\MSVCP140.dll
0x00007ffbd6650000 - 0x00007ffbd669f000 	C:\Users\Jason Cruz\.conda\envs\gdp_revisions\Lib\site-packages\pyzmq.libs\libsodium-ac42d648.dll
0x00007ffbe3210000 - 0x00007ffbe324b000 	C:\WINDOWS\SYSTEM32\IPHLPAPI.DLL
0x00007ffbdcbb0000 - 0x00007ffbdcbbc000 	C:\Users\Jason Cruz\.conda\envs\gdp_revisions\VCRUNTIME140_1.dll
0x00007ffbe3780000 - 0x00007ffbe378c000 	C:\WINDOWS\SYSTEM32\CRYPTBASE.DLL
0x00007ffbd8410000 - 0x00007ffbd8424400 	C:\Users\Jason Cruz\.conda\envs\gdp_revisions\Lib\site-packages\zmq\backend\cython\context.cp312-win_amd64.pyd
0x00007ffbd7ca0000 - 0x00007ffbd7cc4400 	C:\Users\Jason Cruz\.conda\envs\gdp_revisions\Lib\site-packages\zmq\backend\cython\socket.cp312-win_amd64.pyd
0x00007ffbd7bd0000 - 0x00007ffbd7be9400 	C:\Users\Jason Cruz\.conda\envs\gdp_revisions\Lib\site-packages\zmq\backend\cython\message.cp312-win_amd64.pyd
0x00007ffbd7860000 - 0x00007ffbd7873400 	C:\Users\Jason Cruz\.conda\envs\gdp_revisions\Lib\site-packages\zmq\backend\cython\_poll.cp312-win_amd64.pyd
0x00007ffbd46b0000 - 0x00007ffbd46c0400 	C:\Users\Jason Cruz\.conda\envs\gdp_revisions\Lib\site-packages\zmq\backend\cython\_proxy_steerable.cp312-win_amd64.pyd
0x00007ffbdcaa0000 - 0x00007ffbdcaad400 	C:\Users\Jason Cruz\.conda\envs\gdp_revisions\Lib\site-packages\zmq\backend\cython\_version.cp312-win_amd64.pyd
0x00007ffbda8f0000 - 0x00007ffbda8fd400 	C:\Users\Jason Cruz\.conda\envs\gdp_revisions\Lib\site-packages\zmq\backend\cython\error.cp312-win_amd64.pyd
0x00007ffbd8500000 - 0x00007ffbd850f400 	C:\Users\Jason Cruz\.conda\envs\gdp_revisions\Lib\site-packages\zmq\backend\cython\utils.cp312-win_amd64.pyd
0x00007ffbc3550000 - 0x00007ffbc3566000 	C:\Users\Jason Cruz\.conda\envs\gdp_revisions\DLLs\_socket.pyd
0x00007ffbd7890000 - 0x00007ffbd7899000 	C:\Users\Jason Cruz\.conda\envs\gdp_revisions\DLLs\select.pyd
0x00007ffbad4f0000 - 0x00007ffbad51e000 	C:\Users\Jason Cruz\.conda\envs\gdp_revisions\DLLs\_ssl.pyd
0x00007ffbe44c0000 - 0x00007ffbe461d000 	C:\WINDOWS\System32\CRYPT32.dll
0x00007ffb32f40000 - 0x00007ffb33442000 	C:\Users\Jason Cruz\.conda\envs\gdp_revisions\Library\bin\libcrypto-3-x64.dll
0x00007ffbe4eb0000 - 0x00007ffbe504e000 	C:\WINDOWS\System32\USER32.dll
0x00007ffbe4730000 - 0x00007ffbe4752000 	C:\WINDOWS\System32\win32u.dll
0x00007ffbe5db0000 - 0x00007ffbe5ddb000 	C:\WINDOWS\System32\GDI32.dll
0x00007ffb8e380000 - 0x00007ffb8e442000 	C:\Users\Jason Cruz\.conda\envs\gdp_revisions\Library\bin\libssl-3-x64.dll
0x00007ffbe4350000 - 0x00007ffbe4467000 	C:\WINDOWS\System32\gdi32full.dll
0x00007ffbe66b0000 - 0x00007ffbe66e2000 	C:\WINDOWS\System32\IMM32.DLL
0x00007ffbbba00000 - 0x00007ffbbba12000 	C:\Users\Jason Cruz\.conda\envs\gdp_revisions\DLLs\_asyncio.pyd
0x00007ffbd77f0000 - 0x00007ffbd77fe000 	C:\Users\Jason Cruz\.conda\envs\gdp_revisions\DLLs\_overlapped.pyd
0x00007ffbe3570000 - 0x00007ffbe35da000 	C:\WINDOWS\system32\mswsock.dll
0x00007ffbdcb50000 - 0x00007ffbdcb5a000 	C:\Users\Jason Cruz\.conda\envs\gdp_revisions\DLLs\_bz2.pyd
0x00007ffbc2990000 - 0x00007ffbc29c2000 	C:\Users\Jason Cruz\.conda\envs\gdp_revisions\Library\bin\LIBBZ2.dll
0x00007ffbdcad0000 - 0x00007ffbdcadd000 	C:\Users\Jason Cruz\.conda\envs\gdp_revisions\DLLs\_lzma.pyd
0x00007ffbbba20000 - 0x00007ffbbba52000 	C:\Users\Jason Cruz\.conda\envs\gdp_revisions\Library\bin\liblzma.dll
0x00007ffbad870000 - 0x00007ffbad879000 	C:\Users\Jason Cruz\.conda\envs\gdp_revisions\DLLs\_queue.pyd
0x00007ffbad660000 - 0x00007ffbad670000 	C:\Users\Jason Cruz\.conda\envs\gdp_revisions\DLLs\_hashlib.pyd
0x00007ffbd82f0000 - 0x00007ffbd82f7000 	C:\Users\Jason Cruz\.conda\envs\gdp_revisions\Lib\site-packages\tornado\speedups.pyd
0x00007ffbad840000 - 0x00007ffbad861000 	C:\Users\Jason Cruz\.conda\envs\gdp_revisions\DLLs\_ctypes.pyd
0x00007ffbe4850000 - 0x00007ffbe497b000 	C:\WINDOWS\System32\ole32.dll
0x00007ffbdca90000 - 0x00007ffbdca9c000 	C:\Users\Jason Cruz\.conda\envs\gdp_revisions\Library\bin\ffi.dll
0x00007ffb78c00000 - 0x00007ffb78c44000 	C:\Users\Jason Cruz\.conda\envs\gdp_revisions\DLLs\_decimal.pyd
0x00007ffbab920000 - 0x00007ffbab927000 	C:\Users\Jason Cruz\.conda\envs\gdp_revisions\DLLs\_uuid.pyd
0x00007ffbe5570000 - 0x00007ffbe5cdb000 	C:\WINDOWS\System32\shell32.DLL
0x00007ffb98770000 - 0x00007ffb9878e000 	C:\Users\Jason Cruz\.conda\envs\gdp_revisions\DLLs\_sqlite3.pyd
0x00007ffb3af50000 - 0x00007ffb3b0be000 	C:\Users\Jason Cruz\.conda\envs\gdp_revisions\Library\bin\sqlite3.dll
0x00007ffb3c3b0000 - 0x00007ffb3c4c7000 	C:\Users\Jason Cruz\.conda\envs\gdp_revisions\DLLs\unicodedata.pyd
0x00007ffbe2aa0000 - 0x00007ffbe2ab2000 	C:\WINDOWS\SYSTEM32\kernel.appcore.dll
0x00007ffbde7d0000 - 0x00007ffbde86e000 	C:\WINDOWS\system32\uxtheme.dll
0x00007ffbe6180000 - 0x00007ffbe6229000 	C:\WINDOWS\System32\clbcatq.dll
0x00007ffbd8230000 - 0x00007ffbd824f000 	C:\WINDOWS\SYSTEM32\amsi.dll
0x00007ffbe3c90000 - 0x00007ffbe3cbe000 	C:\WINDOWS\SYSTEM32\USERENV.dll
0x00007ffbe3d10000 - 0x00007ffbe3d35000 	C:\WINDOWS\SYSTEM32\profapi.dll
0x00007ffbd3ac0000 - 0x00007ffbd3b41000 	C:\ProgramData\Microsoft\Windows Defender\Platform\4.18.24020.7-0\MpOav.dll
0x00007ffbd39f0000 - 0x00007ffbd3aba000 	C:\Program Files\McAfee\MfeAV\AMSIExt.dll
0x00007ffbe6540000 - 0x00007ffbe6548000 	C:\WINDOWS\System32\PSAPI.DLL
0x00007ffbe4760000 - 0x00007ffbe47b5000 	C:\WINDOWS\System32\SHLWAPI.dll
0x00007ffbe4620000 - 0x00007ffbe4687000 	\\?\C:\Windows\System32\WINTRUST.dll
0x00007ffbe39a0000 - 0x00007ffbe39b2000 	C:\WINDOWS\SYSTEM32\MSASN1.dll
0x00007ffbe3760000 - 0x00007ffbe3778000 	C:\WINDOWS\SYSTEM32\CRYPTSP.dll
0x00007ffbe2e30000 - 0x00007ffbe2e64000 	C:\WINDOWS\system32\rsaenh.dll
0x00007ffbe64c0000 - 0x00007ffbe64dd000 	C:\WINDOWS\System32\imagehlp.dll
0x00007ffbe23a0000 - 0x00007ffbe23c3000 	C:\WINDOWS\SYSTEM32\gpapi.dll
0x00007ffbd9840000 - 0x00007ffbd9871000 	C:\WINDOWS\SYSTEM32\cryptnet.dll
0x00007ffbd3730000 - 0x00007ffbd37b8000 	C:\Program Files\Common Files\McAfee\SystemCore\mfehida.dll
0x00007ffbd3670000 - 0x00007ffbd372c000 	C:\Program Files\Common Files\McAfee\SystemCore\mfemmsa.dll
0x00007ffbd3e60000 - 0x00007ffbd3e74000 	C:\Users\Jason Cruz\.conda\envs\gdp_revisions\Lib\site-packages\psutil\_psutil_windows.pyd
0x00007ffbc8e40000 - 0x00007ffbc8e89000 	C:\WINDOWS\SYSTEM32\pdh.dll
0x00007ffbe3330000 - 0x00007ffbe337b000 	C:\WINDOWS\SYSTEM32\POWRPROF.dll
0x00007ffbe31f0000 - 0x00007ffbe3202000 	C:\WINDOWS\SYSTEM32\UMPDC.dll
0x00007ffbe2b60000 - 0x00007ffbe2b74000 	C:\WINDOWS\SYSTEM32\wtsapi32.dll
0x00007ffb979f0000 - 0x00007ffb97a01000 	C:\Users\Jason Cruz\.conda\envs\gdp_revisions\DLLs\pyexpat.pyd
0x00007ffb74220000 - 0x00007ffb74283000 	C:\Users\Jason Cruz\.conda\envs\gdp_revisions\Library\bin\libexpat.dll
0x00007ffbe3260000 - 0x00007ffbe332b000 	C:\WINDOWS\SYSTEM32\DNSAPI.dll
0x00007ffbe4a30000 - 0x00007ffbe4a38000 	C:\WINDOWS\System32\NSI.dll
0x0000000074e80000 - 0x0000000074ea6000 	C:\Program Files\Bonjour\mdnsNSP.dll
0x00007ffbd98e0000 - 0x00007ffbd9960000 	C:\WINDOWS\System32\fwpuclnt.dll
0x00007ffbdac30000 - 0x00007ffbdac3a000 	C:\Windows\System32\rasadhlp.dll
0x00007ffba3660000 - 0x00007ffba3677000 	C:\WINDOWS\system32\napinsp.dll
0x00007ffba2ec0000 - 0x00007ffba2edb000 	C:\WINDOWS\system32\pnrpnsp.dll
0x00007ffbdbeb0000 - 0x00007ffbdbec5000 	C:\WINDOWS\system32\wshbth.dll
0x00007ffbdc850000 - 0x00007ffbdc86d000 	C:\WINDOWS\system32\NLAapi.dll
0x00007ffb9fcb0000 - 0x00007ffb9fcc2000 	C:\WINDOWS\System32\winrnr.dll
0x00007ffbda540000 - 0x00007ffbda557000 	C:\WINDOWS\SYSTEM32\dhcpcsvc6.DLL
0x00007ffbda770000 - 0x00007ffbda78d000 	C:\WINDOWS\SYSTEM32\dhcpcsvc.DLL
0x00007ffbd21e0000 - 0x00007ffbd229a000 	C:\Users\Jason Cruz\.conda\envs\gdp_revisions\Lib\site-packages\_brotli.cp312-win_amd64.pyd
0x00007ffbb0360000 - 0x00007ffbb05b8000 	C:\Users\Jason Cruz\.conda\envs\gdp_revisions\Lib\site-packages\cryptography\hazmat\bindings\_rust.pyd
0x00007ffbd3c20000 - 0x00007ffbd3c4f000 	C:\Users\Jason Cruz\.conda\envs\gdp_revisions\Lib\site-packages\_cffi_backend.cp312-win_amd64.pyd
0x00007ffbd7950000 - 0x00007ffbd7957000 	C:\Users\Jason Cruz\.conda\envs\gdp_revisions\Lib\site-packages\mkl\_mklinit.cp312-win_amd64.pyd
0x00007ffb2e1b0000 - 0x00007ffb3010c000 	C:\Users\Jason Cruz\.conda\envs\gdp_revisions\Library\bin\mkl_rt.2.dll
0x00007ffb4e650000 - 0x00007ffb4e674000 	C:\Users\Jason Cruz\.conda\envs\gdp_revisions\Lib\site-packages\mkl\_py_mkl_service.cp312-win_amd64.pyd
0x00007ffb2ad80000 - 0x00007ffb2e1a9000 	C:\Users\Jason Cruz\.conda\envs\gdp_revisions\Library\bin\mkl_intel_thread.2.dll
0x00007ffaec630000 - 0x00007ffaf1123000 	C:\Users\Jason Cruz\.conda\envs\gdp_revisions\Library\bin\mkl_core.2.dll
0x00007ffb1eaf0000 - 0x00007ffb222d1000 	C:\Users\Jason Cruz\.conda\envs\gdp_revisions\Library\bin\mkl_avx512.2.dll
0x00007ffb29f70000 - 0x00007ffb2ad7c000 	C:\Users\Jason Cruz\.conda\envs\gdp_revisions\Library\bin\mkl_vml_avx512.2.dll
0x00007ffbb0080000 - 0x00007ffbb0359000 	C:\Users\Jason Cruz\.conda\envs\gdp_revisions\Lib\site-packages\numpy\core\_multiarray_umath.cp312-win_amd64.pyd
0x00007ffbd3e40000 - 0x00007ffbd3e54000 	C:\Users\Jason Cruz\.conda\envs\gdp_revisions\Lib\site-packages\numpy\core\_multiarray_tests.cp312-win_amd64.pyd
0x00007ffbd3c00000 - 0x00007ffbd3c1d000 	C:\Users\Jason Cruz\.conda\envs\gdp_revisions\Lib\site-packages\numpy\linalg\_umath_linalg.cp312-win_amd64.pyd
0x00007ffbd3b50000 - 0x00007ffbd3b6e000 	C:\Users\Jason Cruz\.conda\envs\gdp_revisions\Lib\site-packages\numpy\fft\_pocketfft_internal.cp312-win_amd64.pyd
0x00007ffbd2140000 - 0x00007ffbd21d4000 	C:\Users\Jason Cruz\.conda\envs\gdp_revisions\Lib\site-packages\numpy\random\mtrand.cp312-win_amd64.pyd
0x00007ffbd3070000 - 0x00007ffbd309c000 	C:\Users\Jason Cruz\.conda\envs\gdp_revisions\Lib\site-packages\numpy\random\bit_generator.cp312-win_amd64.pyd
0x00007ffbd2e70000 - 0x00007ffbd2e9d000 	C:\Users\Jason Cruz\.conda\envs\gdp_revisions\Lib\site-packages\numpy\random\_common.cp312-win_amd64.pyd
0x00007ffbd2cb0000 - 0x00007ffbd2cec000 	C:\Users\Jason Cruz\.conda\envs\gdp_revisions\Lib\site-packages\numpy\random\_bounded_integers.cp312-win_amd64.pyd
0x00007ffbd2e50000 - 0x00007ffbd2e66000 	C:\Users\Jason Cruz\.conda\envs\gdp_revisions\Lib\site-packages\numpy\random\_mt19937.cp312-win_amd64.pyd
0x00007ffbd2120000 - 0x00007ffbd2135000 	C:\Users\Jason Cruz\.conda\envs\gdp_revisions\Lib\site-packages\numpy\random\_philox.cp312-win_amd64.pyd
0x00007ffbd2100000 - 0x00007ffbd2118000 	C:\Users\Jason Cruz\.conda\envs\gdp_revisions\Lib\site-packages\numpy\random\_pcg64.cp312-win_amd64.pyd
0x00007ffbd80b0000 - 0x00007ffbd80c0000 	C:\Users\Jason Cruz\.conda\envs\gdp_revisions\Lib\site-packages\numpy\random\_sfc64.cp312-win_amd64.pyd
0x00007ffbcb8c0000 - 0x00007ffbcb96d000 	C:\Users\Jason Cruz\.conda\envs\gdp_revisions\Lib\site-packages\numpy\random\_generator.cp312-win_amd64.pyd

VM Arguments:
jvm_args: -Dfile.encoding=UTF8 
java_command: <unknown>
java_class_path (initial): C:\Users\Jason Cruz\.conda\envs\gdp_revisions\Lib\site-packages\tabula\tabula-1.0.5-jar-with-dependencies.jar
Launcher Type: generic

Environment Variables:
JAVA_HOME=C:\Program Files\Java\jre-1.8
PATH=C:\Users\Jason Cruz\.conda\envs\gdp_revisions;C:\Users\Jason Cruz\.conda\envs\gdp_revisions\Library\mingw-w64\bin;C:\Users\Jason Cruz\.conda\envs\gdp_revisions\Library\usr\bin;C:\Users\Jason Cruz\.conda\envs\gdp_revisions\Library\bin;C:\Users\Jason Cruz\.conda\envs\gdp_revisions\Scripts;C:\Users\Jason Cruz\.conda\envs\gdp_revisions\bin;C:\ProgramData\Anaconda3\condabin;C:\Program Files (x86)\Common Files\Oracle\Java\javapath;C:\Program Files\MiKTeX_New\miktex\bin\x64;C:\texlive\2023\bin\windows;C:\texlive\2015\bin\win32;C:\Windows\system32;C:\Windows;C:\Windows\System32\Wbem;C:\Windows\System32\WindowsPowerShell\v1.0;C:\Windows\System32\OpenSSH;C:\Program Files (x86)\NVIDIA Corporation\PhysX\Common;C:\Program Files\NVIDIA Corporation\NVIDIA NvDLISR;C:\WINDOWS\system32;C:\WINDOWS;C:\WINDOWS\System32\Wbem;C:\WINDOWS\System32\WindowsPowerShell\v1.0;C:\WINDOWS\System32\OpenSSH;C:\Program Files\Git\cmd;C:\Program Files\Git\mingw64\bin;C:\Program Files\Git\usr\bin;C:\Program Files\Microsoft VS Code\bin;C:\Program Files\dotnet;C:\Program Files\MATLAB\R2023a\bin;C:\Program Files\Pandoc;C:\Program Files\PostgreSQL\16\bin;C:\Users\Jason Cruz\AppData\Local\Programs\Python\Python312\Scripts;C:\Users\Jason Cruz\AppData\Local\Programs\Python\Python312;C:\Users\Jason Cruz\AppData\Local\Programs\Python\Python310\Scripts;C:\Users\Jason Cruz\AppData\Local\Programs\Python\Python310;C:\Users\Jason Cruz\AppData\Local\Microsoft\WindowsApps;C:\Users\Jason Cruz\AppData\Local\GitHubDesktop\bin;C:\Users\Jason Cruz\AppData\Local\atom\bin;C:\Program Files\PostgreSQL\16\bin;C:\Users\Jason Cruz\Downloads\chromedriver-win64\chromedriver-win64\chromedriver.exe;.
USERNAME=Jason Cruz
OS=Windows_NT
PROCESSOR_IDENTIFIER=Intel64 Family 6 Model 140 Stepping 1, GenuineIntel



---------------  S Y S T E M  ---------------

OS: Windows 10 , 64 bit Build 19041 (10.0.19041.3636)

CPU:total 8 (initial active 8) (4 cores per cpu, 2 threads per core) family 6 model 140 stepping 1, cmov, cx8, fxsr, mmx, sse, sse2, sse3, ssse3, sse4.1, sse4.2, popcnt, avx, avx2, aes, clmul, erms, 3dnowpref, lzcnt, ht, tsc, tscinvbit, bmi1, bmi2, adx

Memory: 4k page, physical 16461136k(5995892k free), swap 23276880k(6355404k free)

vm_info: Java HotSpot(TM) 64-Bit Server VM (25.401-b10) for windows-amd64 JRE (1.8.0_401-b10), built on Dec 19 2023 12:38:48 by "java_re" with MS VC++ 17.1 (VS2022)

time: Thu Mar 14 21:02:52 2024
timezone: Hora est. Pacífico, Sudamérica
elapsed time: 2158.851956 seconds (0d 0h 35m 58s)

